<?xml version="1.0" encoding="UTF-8"?>
<!-- Generated by org.testng.reporters.JUnitXMLReporter -->
<testsuite hostname="johnnys-mbp.partner.bs.br.bsch" name="Sprint 1" tests="3" failures="0" timestamp="19 Sep 2018 18:51:34 GMT" time="3.542" errors="0">
  <testcase name="@BeforeMethod beforeMethod" time="0.0" classname="br.com.ibm.s2m.evolutionManager.validarTextoAbaixodaMeta">
    <failure type="org.openqa.selenium.WebDriverException" message="Unable to parse remote response: Misconfigured -- Sauce Labs Authentication Error.
You used username &amp;apos;null&amp;apos; and access key &amp;apos;null&amp;apos; to authenticate, which are not valid Sauce Labs credentials.

The following desired capabilities were received:
{&amp;apos;browserName&amp;apos;: &amp;apos;chrome&amp;apos;,
 &amp;apos;name&amp;apos;: &amp;apos;TesteArtemis&amp;apos;,
 &amp;apos;parentTunnel&amp;apos;: &amp;apos;connectionuser&amp;apos;,
 &amp;apos;platform&amp;apos;: &amp;apos;WINDOWS&amp;apos;,
 &amp;apos;prerun&amp;apos;: {&amp;apos;args&amp;apos;: &amp;quot;[ &amp;apos;--silent&amp;apos;, &amp;apos;-a&amp;apos;, &amp;apos;-q&amp;apos; ]&amp;quot;,
            &amp;apos;background&amp;apos;: &amp;apos;true&amp;apos;,
            &amp;apos;executable&amp;apos;: &amp;apos;sauce-storage:automacao_senha_s2m.exe&amp;apos;},
 &amp;apos;tunnelIdentifier&amp;apos;: &amp;apos;tunel_01&amp;apos;,
 &amp;apos;version&amp;apos;: &amp;apos;latest&amp;apos;}
Build info: version: &amp;apos;3.8.1&amp;apos;, revision: &amp;apos;6e95a6684b&amp;apos;, time: &amp;apos;2017-12-01T18:33:54.468Z&amp;apos;
System info: host: &amp;apos;johnnys-mbp.partner.bs.br.bsch&amp;apos;, ip: &amp;apos;fe80:0:0:0:1093:2405:f821:6119%en0&amp;apos;, os.name: &amp;apos;Mac OS X&amp;apos;, os.arch: &amp;apos;x86_64&amp;apos;, os.version: &amp;apos;10.13.6&amp;apos;, java.version: &amp;apos;1.8.0_162&amp;apos;
Driver info: driver.version: RemoteWebDriver">
      <![CDATA[org.openqa.selenium.WebDriverException: Unable to parse remote response: Misconfigured -- Sauce Labs Authentication Error.
You used username 'null' and access key 'null' to authenticate, which are not valid Sauce Labs credentials.

The following desired capabilities were received:
{'browserName': 'chrome',
 'name': 'TesteArtemis',
 'parentTunnel': 'connectionuser',
 'platform': 'WINDOWS',
 'prerun': {'args': "[ '--silent', '-a', '-q' ]",
            'background': 'true',
            'executable': 'sauce-storage:automacao_senha_s2m.exe'},
 'tunnelIdentifier': 'tunel_01',
 'version': 'latest'}
Build info: version: '3.8.1', revision: '6e95a6684b', time: '2017-12-01T18:33:54.468Z'
System info: host: 'johnnys-mbp.partner.bs.br.bsch', ip: 'fe80:0:0:0:1093:2405:f821:6119%en0', os.name: 'Mac OS X', os.arch: 'x86_64', os.version: '10.13.6', java.version: '1.8.0_162'
Driver info: driver.version: RemoteWebDriver
	at org.openqa.selenium.remote.ProtocolHandshake.createSession(ProtocolHandshake.java:111)
	at org.openqa.selenium.remote.ProtocolHandshake.createSession(ProtocolHandshake.java:73)
	at org.openqa.selenium.remote.HttpCommandExecutor.execute(HttpCommandExecutor.java:142)
	at org.openqa.selenium.remote.RemoteWebDriver.execute(RemoteWebDriver.java:601)
	at org.openqa.selenium.remote.RemoteWebDriver.startSession(RemoteWebDriver.java:219)
	at org.openqa.selenium.remote.RemoteWebDriver.<init>(RemoteWebDriver.java:142)
	at org.openqa.selenium.remote.RemoteWebDriver.<init>(RemoteWebDriver.java:155)
	at br.com.ibm.s2m.models.TestBase.beforeMethod(TestBase.java:68)
... Removed 26 stack frames]]>
    </failure>
  </testcase> <!-- @BeforeMethod beforeMethod -->
  <testcase name="@AfterMethod afterMethod" time="0.0" classname="br.com.ibm.s2m.evolutionManager.validarTextoAbaixodaMeta">
    <skipped/>
  </testcase> <!-- @AfterMethod afterMethod -->
  <testcase name="@BeforeMethod beforeMethod" time="0.0" classname="br.com.ibm.s2m.heatMap.validarTextoHeatMapdeCanais">
    <skipped/>
  </testcase> <!-- @BeforeMethod beforeMethod -->
  <testcase name="@AfterMethod afterMethod" time="0.0" classname="br.com.ibm.s2m.heatMap.validarTextoHeatMapdeCanais">
    <skipped/>
  </testcase> <!-- @AfterMethod afterMethod -->
  <testcase name="@BeforeMethod beforeMethod" time="0.0" classname="br.com.ibm.s2m.sideFilter.validarVisaoGestorSidefilter">
    <skipped/>
  </testcase> <!-- @BeforeMethod beforeMethod -->
  <testcase name="@AfterMethod afterMethod" time="0.0" classname="br.com.ibm.s2m.sideFilter.validarVisaoGestorSidefilter">
    <skipped/>
  </testcase> <!-- @AfterMethod afterMethod -->
  <testcase name="test" time="0.002" classname="br.com.ibm.s2m.evolutionManager.validarTextoAbaixodaMeta">
    <skipped/>
  </testcase> <!-- test -->
  <testcase name="test" time="0.001" classname="br.com.ibm.s2m.heatMap.validarTextoHeatMapdeCanais">
    <skipped/>
  </testcase> <!-- test -->
  <testcase name="test" time="0.002" classname="br.com.ibm.s2m.sideFilter.validarVisaoGestorSidefilter">
    <skipped/>
  </testcase> <!-- test -->
</testsuite> <!-- Sprint 1 -->
